[debug] [2021-06-16T18:34:12.010Z] ----------------------------------------------------------------------
[debug] [2021-06-16T18:34:12.012Z] Command:       C:\Program Files\nodejs\node.exe C:\Users\mumta\AppData\Roaming\npm\node_modules\firebase-tools\lib\bin\firebase.js init
[debug] [2021-06-16T18:34:12.013Z] CLI Version:   9.12.1
[debug] [2021-06-16T18:34:12.013Z] Platform:      win32
[debug] [2021-06-16T18:34:12.013Z] Node Version:  v12.18.4
[debug] [2021-06-16T18:34:12.016Z] Time:          Wed Jun 16 2021 20:34:12 GMT+0200 (Central European Summer Time)
[debug] [2021-06-16T18:34:12.016Z] ----------------------------------------------------------------------
[debug] 
[debug] [2021-06-16T18:34:12.027Z] > command requires scopes: ["email","openid","https://www.googleapis.com/auth/cloudplatformprojects.readonly","https://www.googleapis.com/auth/firebase","https://www.googleapis.com/auth/cloud-platform"]
[debug] [2021-06-16T18:34:12.027Z] > authorizing via signed-in user (shereenfatima1000@gmail.com)
[info] 
     ######## #### ########  ######## ########     ###     ######  ########
     ##        ##  ##     ## ##       ##     ##  ##   ##  ##       ##
     ######    ##  ########  ######   ########  #########  ######  ######
     ##        ##  ##    ##  ##       ##     ## ##     ##       ## ##
     ##       #### ##     ## ######## ########  ##     ##  ######  ########

You're about to initialize a Firebase project in this directory:

  D:\firebase-user-system\firebase-user-system

Before we get started, keep in mind:

  * You are initializing in an existing Firebase project directory

